mode: atomic
github.com/AlexandreGuil/itw-crud/internal/infrastructure/http/article_handler.go:18.78,20.60 2 1
github.com/AlexandreGuil/itw-crud/internal/infrastructure/http/article_handler.go:20.60,23.3 2 0
github.com/AlexandreGuil/itw-crud/internal/infrastructure/http/article_handler.go:24.2,24.18 1 1
github.com/AlexandreGuil/itw-crud/internal/infrastructure/http/article_handler.go:24.18,27.3 2 0
github.com/AlexandreGuil/itw-crud/internal/infrastructure/http/article_handler.go:28.2,29.16 2 1
github.com/AlexandreGuil/itw-crud/internal/infrastructure/http/article_handler.go:29.16,30.42 1 0
github.com/AlexandreGuil/itw-crud/internal/infrastructure/http/article_handler.go:30.42,33.4 2 0
github.com/AlexandreGuil/itw-crud/internal/infrastructure/http/article_handler.go:34.3,36.9 3 0
github.com/AlexandreGuil/itw-crud/internal/infrastructure/http/article_handler.go:38.2,41.82 4 1
github.com/AlexandreGuil/itw-crud/internal/infrastructure/http/article_handler.go:44.75,46.16 2 2
github.com/AlexandreGuil/itw-crud/internal/infrastructure/http/article_handler.go:46.16,49.3 2 0
github.com/AlexandreGuil/itw-crud/internal/infrastructure/http/article_handler.go:50.2,51.16 2 2
github.com/AlexandreGuil/itw-crud/internal/infrastructure/http/article_handler.go:51.16,52.88 1 1
github.com/AlexandreGuil/itw-crud/internal/infrastructure/http/article_handler.go:52.88,55.4 2 1
github.com/AlexandreGuil/itw-crud/internal/infrastructure/http/article_handler.go:56.3,58.9 3 0
github.com/AlexandreGuil/itw-crud/internal/infrastructure/http/article_handler.go:60.2,62.40 3 1
github.com/AlexandreGuil/itw-crud/internal/infrastructure/http/article_handler.go:65.54,68.16 3 4
github.com/AlexandreGuil/itw-crud/internal/infrastructure/http/article_handler.go:68.16,70.3 1 0
github.com/AlexandreGuil/itw-crud/internal/infrastructure/http/article_handler.go:71.2,71.25 1 4
github.com/AlexandreGuil/itw-crud/internal/infrastructure/http/article_handler.go:74.64,78.2 3 3
github.com/AlexandreGuil/itw-crud/internal/infrastructure/http/bearer_auth.go:15.96,16.46 1 14
github.com/AlexandreGuil/itw-crud/internal/infrastructure/http/bearer_auth.go:16.46,17.72 1 47
github.com/AlexandreGuil/itw-crud/internal/infrastructure/http/bearer_auth.go:17.72,19.43 2 11
github.com/AlexandreGuil/itw-crud/internal/infrastructure/http/bearer_auth.go:19.43,23.5 3 2
github.com/AlexandreGuil/itw-crud/internal/infrastructure/http/bearer_auth.go:24.4,26.38 3 9
github.com/AlexandreGuil/itw-crud/internal/infrastructure/http/bearer_auth.go:26.38,27.70 1 9
github.com/AlexandreGuil/itw-crud/internal/infrastructure/http/bearer_auth.go:27.70,29.11 2 8
github.com/AlexandreGuil/itw-crud/internal/infrastructure/http/bearer_auth.go:32.4,32.27 1 9
github.com/AlexandreGuil/itw-crud/internal/infrastructure/http/bearer_auth.go:32.27,36.5 3 1
github.com/AlexandreGuil/itw-crud/internal/infrastructure/http/bearer_auth.go:37.4,38.41 2 8
github.com/AlexandreGuil/itw-crud/internal/infrastructure/http/health_handler.go:10.72,13.2 2 1
github.com/AlexandreGuil/itw-crud/internal/infrastructure/http/health_handler.go:15.71,20.22 4 2
github.com/AlexandreGuil/itw-crud/internal/infrastructure/http/health_handler.go:20.22,23.3 2 1
github.com/AlexandreGuil/itw-crud/internal/infrastructure/http/health_handler.go:24.2,24.39 1 1
github.com/AlexandreGuil/itw-crud/internal/infrastructure/http/health_handler.go:24.39,31.3 3 1
github.com/AlexandreGuil/itw-crud/internal/infrastructure/http/health_handler.go:32.2,32.69 1 0
github.com/AlexandreGuil/itw-crud/internal/infrastructure/http/metrics_middleware.go:13.82,14.14 1 11
github.com/AlexandreGuil/itw-crud/internal/infrastructure/http/metrics_middleware.go:14.14,15.47 1 11
github.com/AlexandreGuil/itw-crud/internal/infrastructure/http/metrics_middleware.go:15.47,15.62 1 11
github.com/AlexandreGuil/itw-crud/internal/infrastructure/http/metrics_middleware.go:17.2,17.46 1 0
github.com/AlexandreGuil/itw-crud/internal/infrastructure/http/metrics_middleware.go:17.46,18.72 1 0
github.com/AlexandreGuil/itw-crud/internal/infrastructure/http/metrics_middleware.go:18.72,26.52 8 0
github.com/AlexandreGuil/itw-crud/internal/infrastructure/http/metrics_middleware.go:26.52,28.5 1 0
github.com/AlexandreGuil/itw-crud/internal/infrastructure/http/metrics_middleware.go:33.49,35.9 2 0
github.com/AlexandreGuil/itw-crud/internal/infrastructure/http/metrics_middleware.go:36.75,37.31 1 0
github.com/AlexandreGuil/itw-crud/internal/infrastructure/http/metrics_middleware.go:38.56,39.40 1 0
github.com/AlexandreGuil/itw-crud/internal/infrastructure/http/metrics_middleware.go:40.10,41.12 1 0
github.com/AlexandreGuil/itw-crud/internal/infrastructure/http/orphans_handler.go:9.76,12.24 3 1
github.com/AlexandreGuil/itw-crud/internal/infrastructure/http/orphans_handler.go:12.24,14.17 2 1
github.com/AlexandreGuil/itw-crud/internal/infrastructure/http/orphans_handler.go:14.17,17.4 2 0
github.com/AlexandreGuil/itw-crud/internal/infrastructure/http/orphans_handler.go:18.3,18.21 1 1
github.com/AlexandreGuil/itw-crud/internal/infrastructure/http/orphans_handler.go:20.2,21.16 2 1
github.com/AlexandreGuil/itw-crud/internal/infrastructure/http/orphans_handler.go:21.16,25.3 3 0
github.com/AlexandreGuil/itw-crud/internal/infrastructure/http/orphans_handler.go:26.2,27.61 2 1
github.com/AlexandreGuil/itw-crud/internal/infrastructure/http/server.go:45.42,56.24 4 11
github.com/AlexandreGuil/itw-crud/internal/infrastructure/http/server.go:56.24,58.3 1 0
github.com/AlexandreGuil/itw-crud/internal/infrastructure/http/server.go:59.2,62.29 3 11
github.com/AlexandreGuil/itw-crud/internal/infrastructure/http/server.go:62.29,68.3 5 11
github.com/AlexandreGuil/itw-crud/internal/infrastructure/http/server.go:70.2,73.14 3 11
github.com/AlexandreGuil/itw-crud/internal/infrastructure/http/server.go:73.14,75.3 1 11
github.com/AlexandreGuil/itw-crud/internal/infrastructure/http/server.go:76.2,84.10 2 11
github.com/AlexandreGuil/itw-crud/internal/infrastructure/http/server.go:87.54,87.90 1 0
github.com/AlexandreGuil/itw-crud/internal/infrastructure/http/server.go:88.54,88.87 1 0
github.com/AlexandreGuil/itw-crud/internal/infrastructure/http/translation_state_handler.go:14.86,16.25 2 3
github.com/AlexandreGuil/itw-crud/internal/infrastructure/http/translation_state_handler.go:16.25,19.3 2 1
github.com/AlexandreGuil/itw-crud/internal/infrastructure/http/translation_state_handler.go:20.2,22.16 3 2
github.com/AlexandreGuil/itw-crud/internal/infrastructure/http/translation_state_handler.go:22.16,25.3 2 0
github.com/AlexandreGuil/itw-crud/internal/infrastructure/http/translation_state_handler.go:26.2,27.16 2 2
github.com/AlexandreGuil/itw-crud/internal/infrastructure/http/translation_state_handler.go:27.16,30.3 2 0
github.com/AlexandreGuil/itw-crud/internal/infrastructure/http/translation_state_handler.go:31.2,32.60 2 2
github.com/AlexandreGuil/itw-crud/internal/infrastructure/http/translation_state_handler.go:32.60,35.3 2 0
github.com/AlexandreGuil/itw-crud/internal/infrastructure/http/translation_state_handler.go:36.2,37.16 2 2
github.com/AlexandreGuil/itw-crud/internal/infrastructure/http/translation_state_handler.go:37.16,38.10 1 1
github.com/AlexandreGuil/itw-crud/internal/infrastructure/http/translation_state_handler.go:39.102,41.10 2 1
github.com/AlexandreGuil/itw-crud/internal/infrastructure/http/translation_state_handler.go:42.88,44.10 2 0
github.com/AlexandreGuil/itw-crud/internal/infrastructure/http/translation_state_handler.go:46.3,48.9 3 0
github.com/AlexandreGuil/itw-crud/internal/infrastructure/http/translation_state_handler.go:50.2,52.82 3 1
